    INFO: 2022-02-25 09:44:47,002:               log.py:   20: Logging to E:\AmesomeCloud\Blog2Me\blog\mdpdf.log
   DEBUG: 2022-02-25 09:44:47,002:               cli.py:   72: cv.md
    INFO: 2022-02-25 09:44:47,003:         converter.py:   16: cv.md
   DEBUG: 2022-02-25 09:44:47,045:      pdf_renderer.py:  446: printSegment: 个人信息
   DEBUG: 2022-02-25 09:44:47,056:      pdf_renderer.py:  446: printSegment: l
   DEBUG: 2022-02-25 09:44:47,059:      pdf_renderer.py:  446: printSegment: 宋大洋 | 男 | 1992
   DEBUG: 2022-02-25 09:44:47,070:      pdf_renderer.py:  446: printSegment: l
   DEBUG: 2022-02-25 09:44:47,070:      pdf_renderer.py:  446: printSegment: 本科 | 武汉大学 | 电子信息学院 | 电子信息科学类 | 2011-2015
   DEBUG: 2022-02-25 09:44:47,088:      pdf_renderer.py:  446: printSegment: l
   DEBUG: 2022-02-25 09:44:47,089:      pdf_renderer.py:  446: printSegment: 工作年限：4年+2年
   DEBUG: 2022-02-25 09:44:47,111:      pdf_renderer.py:  446: printSegment: l
   DEBUG: 2022-02-25 09:44:47,112:      pdf_renderer.py:  446: printSegment: 期望职位：Android RD
   DEBUG: 2022-02-25 09:44:47,113:      pdf_renderer.py:  446: printSegment: l
   DEBUG: 2022-02-25 09:44:47,113:      pdf_renderer.py:  446: printSegment: 手机：19906679829
   DEBUG: 2022-02-25 09:44:47,114:      pdf_renderer.py:  446: printSegment: l
   DEBUG: 2022-02-25 09:44:47,114:      pdf_renderer.py:  446: printSegment: Email：igeek1825@gmail.com
   DEBUG: 2022-02-25 09:44:47,114:      pdf_renderer.py:  446: printSegment: 个人技能：
   DEBUG: 2022-02-25 09:44:47,131:      pdf_renderer.py:  446: printSegment: l
   DEBUG: 2022-02-25 09:44:47,132:      pdf_renderer.py:  446: printSegment: 了解Android基本原理，熟悉 Android 应用开发，可独立开发 APP；
   DEBUG: 2022-02-25 09:44:47,151:      pdf_renderer.py:  446: printSegment: l
   DEBUG: 2022-02-25 09:44:47,152:      pdf_renderer.py:  446: printSegment: 熟悉使用 MVP，MVVM 设计框架；
   DEBUG: 2022-02-25 09:44:47,152:      pdf_renderer.py:  446: printSegment: l
   DEBUG: 2022-02-25 09:44:47,152:      pdf_renderer.py:  446: printSegment: 熟悉常用组件性能优化，内存优化，自定义View效果实现；
   DEBUG: 2022-02-25 09:44:47,153:      pdf_renderer.py:  446: printSegment: l
   DEBUG: 2022-02-25 09:44:47,153:      pdf_renderer.py:  446: printSegment: 熟悉网络请求框架 Retrofit，图片加载框架 Glide，LiveData 等框架使用；
   DEBUG: 2022-02-25 09:44:47,153:      pdf_renderer.py:  446: printSegment: l
   DEBUG: 2022-02-25 09:44:47,153:      pdf_renderer.py:  446: printSegment: 熟悉Java语言和Kotlin语言，C语言，了解CSS，HTML，JavaScript，Python；
   DEBUG: 2022-02-25 09:44:47,154:      pdf_renderer.py:  446: printSegment: l
   DEBUG: 2022-02-25 09:44:47,154:      pdf_renderer.py:  446: printSegment: 熟悉常用的数据结构和算法；
   DEBUG: 2022-02-25 09:44:47,154:      pdf_renderer.py:  446: printSegment: 经验：
   DEBUG: 2022-02-25 09:44:47,155:      pdf_renderer.py:  446: printSegment: l
   DEBUG: 2022-02-25 09:44:47,155:      pdf_renderer.py:  446: printSegment: 2020年1月-至今   Android自由开发，小程序demo，维持了一个个人网站，写过python自动化办公程序，开发过自动化生成用例网页，目前在学习flutter
   DEBUG: 2022-02-25 09:44:47,155:      pdf_renderer.py:  446: printSegment: l
   DEBUG: 2022-02-25 09:44:47,156:      pdf_renderer.py:  446: printSegment: 2015年6月-2019年8月 温州长江汽车电子有限公司   汽车电子软件工程师
   DEBUG: 2022-02-25 09:44:47,156:      pdf_renderer.py:  446: printSegment: 负责硬件驱动开发和调试，包含AD，LIN，CAN，SPI，开发了车窗开关，后视镜开关，面板等
   DEBUG: 2022-02-25 09:44:47,156:      pdf_renderer.py:  446: printSegment: 产品经验：
   DEBUG: 2022-02-25 09:44:47,157:      pdf_renderer.py:  446: printSegment: 产品一：估记
   DEBUG: 2022-02-25 09:44:47,158:      pdf_renderer.py:  446: printSegment: 产品描述：
   DEBUG: 2022-02-25 09:44:47,176:      pdf_renderer.py:  446: printSegment:  这是一款用于辅助记忆的软件，通过加载需要记忆的txt，通过空缺必要的文字，来方便记忆。
   DEBUG: 2022-02-25 09:44:47,177:      pdf_renderer.py:  446: printSegment: 技术要点：
   DEBUG: 2022-02-25 09:44:47,177:      pdf_renderer.py:  446: printSegment: 1、Java语言编写；
   DEBUG: 2022-02-25 09:44:47,177:      pdf_renderer.py:  446: printSegment: 2、使用ViewPager实现滑动阅读的效果；
   DEBUG: 2022-02-25 09:44:47,177:      pdf_renderer.py:  446: printSegment: 3、使用动画的效果翻转原文和取空文字；
   DEBUG: 2022-02-25 09:44:47,178:      pdf_renderer.py:  446: printSegment: 4、通过RecycleView 显示书籍，添加删除书籍；
   DEBUG: 2022-02-25 09:44:47,178:      pdf_renderer.py:  446: printSegment: 5、使用Glide来展示gif动态背景图；
   DEBUG: 2022-02-25 09:44:47,180:      pdf_renderer.py:  446: printSegment: 产品二：
   DEBUG: 2022-02-25 09:44:47,196:      pdf_renderer.py:  446: printSegment:  WanAndroid移动端
   DEBUG: 2022-02-25 09:44:47,196:      pdf_renderer.py:  446: printSegment: 产品描述：
   DEBUG: 2022-02-25 09:44:47,196:      pdf_renderer.py:  446: printSegment:  这是一款服务于Android开发者的移动端信息平台，可以便捷浏览掘金，简书，微信公众号上面的Android技术文章，查找相关开源项目；相关API来源于网站WanAndroid；包含了首页，项目，公众号，我的四个模块。
   DEBUG: 2022-02-25 09:44:47,197:      pdf_renderer.py:  446: printSegment: 技术要点：
   DEBUG: 2022-02-25 09:44:47,197:      pdf_renderer.py:  446: printSegment: 1、使用MVVM实现，Kotlin语言编写；
   DEBUG: 2022-02-25 09:44:47,197:      pdf_renderer.py:  446: printSegment: 2、使用LiveData+Retrofit 进行网络请求；
   DEBUG: 2022-02-25 09:44:47,198:      pdf_renderer.py:  446: printSegment: 3、使用ViewModel+DataBinding解藕业务逻辑；
   DEBUG: 2022-02-25 09:44:47,198:      pdf_renderer.py:  446: printSegment: 4、通过基类收敛了RecycleView Adapter 公共部分，将item点击事件下放到子类；
   DEBUG: 2022-02-25 09:44:47,198:      pdf_renderer.py:  446: printSegment: 产品三：
   DEBUG: 2022-02-25 09:44:47,198:      pdf_renderer.py:  446: printSegment:  Stepper计步器
   DEBUG: 2022-02-25 09:44:47,199:      pdf_renderer.py:  446: printSegment: 产品描述：
   DEBUG: 2022-02-25 09:44:47,199:      pdf_renderer.py:  446: printSegment:  这是一款统计步数，距离，速度，时间等数据的本地应用；分为设置模块，页面展示模块。
   DEBUG: 2022-02-25 09:44:47,199:      pdf_renderer.py:  446: printSegment: 技术要点：
   DEBUG: 2022-02-25 09:44:47,200:      pdf_renderer.py:  446: printSegment: 1、使用MVP架构分离Model和View，使用Java语言编写；
   DEBUG: 2022-02-25 09:44:47,201:      pdf_renderer.py:  446: printSegment: 2、使用ButterKnife，MPAndroidChart等开源框架；
   DEBUG: 2022-02-25 09:44:47,201:      pdf_renderer.py:  446: printSegment: 3、自定义UI进行步数信息的显示，优化ListView的使用；
   DEBUG: 2022-02-25 09:44:47,201:      pdf_renderer.py:  446: printSegment: 4、使用Dagger来生产对象；
   DEBUG: 2022-02-25 09:44:47,203:      pdf_renderer.py:  446: printSegment: <br>
   DEBUG: 2022-02-25 09:44:47,204:      pdf_renderer.py:  446: printSegment: 5、使用EventBus从Service沟通Activity；
   DEBUG: 2022-02-25 09:44:47,205:      pdf_renderer.py:  446: printSegment: 6、定义BaseActivity收敛公共部分；
   DEBUG: 2022-02-25 09:44:47,205:      pdf_renderer.py:   50: 0, [3, '个人信息', 1, 72.0]
   DEBUG: 2022-02-25 09:44:47,205:      pdf_renderer.py:   50: 1, [3, '个人技能：', 1, 180.0]
   DEBUG: 2022-02-25 09:44:47,205:      pdf_renderer.py:   50: 2, [3, '经验：', 1, 288.0]
   DEBUG: 2022-02-25 09:44:47,205:      pdf_renderer.py:   50: 3, [3, '产品经验：', 1, 360.0]
   DEBUG: 2022-02-25 09:44:47,205:      pdf_renderer.py:   50: 4, [4, '产品一：估记', 1, 386.0]
   DEBUG: 2022-02-25 09:44:47,206:      pdf_renderer.py:   50: 5, [4, None, 1, 536.0]
   DEBUG: 2022-02-25 09:44:47,206:      pdf_renderer.py:   50: 6, [4, None, 1, 668.0]
    INFO: 2022-02-25 09:44:47,206:      pdf_renderer.py:   54: Bad heading level.  More information: 
    INFO: 2022-02-25 09:44:47,206:      pdf_renderer.py:   56: [3, '个人技能：', 1, 180.0]
